app/api/auth/[...nextauth]/route.ts(16,19): error TS2322: Type '(credentials: Record<"email" | "password", string> | undefined) => Promise<{ id: string; email: string; name: string; role: string; tenantId: string | null; } | null>' is not assignable to type '(credentials: Record<"email" | "password", string> | undefined, req: Pick<RequestInternal, "query" | "body" | "headers" | "method">) => Awaitable<...>'.
  Type 'Promise<{ id: string; email: string; name: string; role: string; tenantId: string | null; } | null>' is not assignable to type 'Awaitable<User | null>'.
    Type 'Promise<{ id: string; email: string; name: string; role: string; tenantId: string | null; } | null>' is not assignable to type 'PromiseLike<User | null>'.
      Types of property 'then' are incompatible.
        Type '<TResult1 = { id: string; email: string; name: string; role: string; tenantId: string | null; } | null, TResult2 = never>(onfulfilled?: ((value: { id: string; email: string; name: string; role: string; tenantId: string | null; } | null) => TResult1 | PromiseLike<...>) | null | undefined, onrejected?: ((reason: any) ...' is not assignable to type '<TResult1 = User | null, TResult2 = never>(onfulfilled?: ((value: User | null) => TResult1 | PromiseLike<TResult1>) | null | undefined, onrejected?: ((reason: any) => TResult2 | PromiseLike<...>) | null | undefined) => PromiseLike<...>'.
          Types of parameters 'onfulfilled' and 'onfulfilled' are incompatible.
            Types of parameters 'value' and 'value' are incompatible.
              Type '{ id: string; email: string; name: string; role: string; tenantId: string | null; } | null' is not assignable to type 'User | null'.
                Type '{ id: string; email: string; name: string; role: string; tenantId: string | null; }' is not assignable to type 'User'.
                  Types of property 'tenantId' are incompatible.
                    Type 'string | null' is not assignable to type 'string | undefined'.
                      Type 'null' is not assignable to type 'string | undefined'.
app/api/clients/[clientId]/available-models/route.ts(32,17): error TS2353: Object literal may only specify known properties, and 'experienceLevel' does not exist in type 'AssessmentModelSelect<DefaultArgs>'.
app/api/clients/[clientId]/projects/[projectId]/assignments/[assignmentId]/route.ts(29,25): error TS2353: Object literal may only specify known properties, and 'experienceLevel' does not exist in type 'AssessmentModelSelect<DefaultArgs>'.
app/assessments/admin/components/[id]/page.tsx(86,9): error TS2448: Block-scoped variable 'component' used before its declaration.
app/assessments/admin/components/[id]/page.tsx(86,20): error TS2448: Block-scoped variable 'reset' used before its declaration.
app/assessments/admin/components/[id]/page.tsx(86,20): error TS2454: Variable 'reset' is used before being assigned.
app/assessments/admin/components/[id]/questions/page.tsx(344,21): error TS2322: Type 'ParamValue' is not assignable to type 'string'.
  Type 'undefined' is not assignable to type 'string'.
app/assessments/admin/components/[id]/questions/page.tsx(489,78): error TS7006: Parameter '_' implicitly has an 'any' type.
app/assessments/admin/components/[id]/questions/page.tsx(489,81): error TS7006: Parameter 'i' implicitly has an 'any' type.
app/assessments/admin/roles/[id]/page.tsx(70,92): error TS2339: Property 'industry' does not exist on type '{ competencies: ({ competency: { id: string; name: string; category: CompetencyCategory; description: string; createdAt: Date; updatedAt: Date; industries: Industry[]; createdBy: string | null; usageCount: number; lastUsedAt: Date | null; tenantId: string | null; }; } & { ...; })[]; } & { ...; }'.
app/assessments/results/page.tsx(29,47): error TS2353: Object literal may only specify known properties, and 'experienceLevel' does not exist in type 'AssessmentModelSelect<DefaultArgs>'.
app/assessments/results/page.tsx(79,87): error TS2551: Property 'projectAssignment' does not exist on type '{ id: string; status: AssessmentStatus; createdAt: Date; updatedAt: Date; userId: string; startedAt: Date | null; completedAt: Date | null; ... 12 more ...; managerComments: string | null; }'. Did you mean 'projectAssignmentId'?
app/assessments/results/page.tsx(80,97): error TS2551: Property 'projectAssignment' does not exist on type '{ id: string; status: AssessmentStatus; createdAt: Date; updatedAt: Date; userId: string; startedAt: Date | null; completedAt: Date | null; ... 12 more ...; managerComments: string | null; }'. Did you mean 'projectAssignmentId'?
app/assessments/results/page.tsx(83,44): error TS2551: Property 'projectAssignment' does not exist on type '{ id: string; status: AssessmentStatus; createdAt: Date; updatedAt: Date; userId: string; startedAt: Date | null; completedAt: Date | null; ... 12 more ...; managerComments: string | null; }'. Did you mean 'projectAssignmentId'?
app/clients/[clientId]/projects/[projectId]/assignments/[assignmentId]/page.tsx(43,21): error TS2353: Object literal may only specify known properties, and 'experienceLevel' does not exist in type 'AssessmentModelSelect<DefaultArgs>'.
app/clients/[clientId]/projects/[projectId]/assignments/[assignmentId]/page.tsx(72,38): error TS2339: Property 'userAssignments' does not exist on type '{ id: string; createdAt: Date; updatedAt: Date; departmentId: string | null; projectId: string; modelId: string; assignedBy: string; assignmentDate: Date; dueDate: Date | null; ... 8 more ...; averageScore: number | null; }'.
app/clients/[clientId]/projects/[projectId]/assignments/[assignmentId]/page.tsx(73,34): error TS2339: Property 'userAssignments' does not exist on type '{ id: string; createdAt: Date; updatedAt: Date; departmentId: string | null; projectId: string; modelId: string; assignedBy: string; assignmentDate: Date; dueDate: Date | null; ... 8 more ...; averageScore: number | null; }'.
app/clients/[clientId]/projects/[projectId]/assignments/[assignmentId]/page.tsx(73,57): error TS7006: Parameter 'a' implicitly has an 'any' type.
app/clients/[clientId]/projects/[projectId]/assignments/[assignmentId]/page.tsx(95,90): error TS2551: Property 'model' does not exist on type '{ id: string; createdAt: Date; updatedAt: Date; departmentId: string | null; projectId: string; modelId: string; assignedBy: string; assignmentDate: Date; dueDate: Date | null; ... 8 more ...; averageScore: number | null; }'. Did you mean 'modelId'?
app/clients/[clientId]/projects/[projectId]/assignments/[assignmentId]/page.tsx(171,41): error TS2339: Property 'userAssignments' does not exist on type '{ id: string; createdAt: Date; updatedAt: Date; departmentId: string | null; projectId: string; modelId: string; assignedBy: string; assignmentDate: Date; dueDate: Date | null; ... 8 more ...; averageScore: number | null; }'.
app/clients/[clientId]/projects/[projectId]/assignments/[assignmentId]/page.tsx(171,62): error TS7006: Parameter 'ua' implicitly has an 'any' type.
app/courses/page.tsx(66,5): error TS2353: Object literal may only specify known properties, and 'pageSize' does not exist in type 'CourseFilters'.
components/admin/AIGenerateCompetencyDialog.tsx(165,38): error TS2304: Cannot find name 'Badge'.
components/admin/AIGenerateCompetencyDialog.tsx(165,74): error TS2304: Cannot find name 'Badge'.
components/admin/MapCompetencyDialog.tsx(58,13): error TS2322: Type '"INTERMEDIATE"' is not assignable to type '"JUNIOR" | "MIDDLE" | "SENIOR" | "EXPERT" | undefined'.
components/admin/MapCompetencyDialog.tsx(101,55): error TS2345: Argument of type '(values: { competencyId: string; requiredLevel: "JUNIOR" | "MIDDLE" | "SENIOR" | "EXPERT"; weight: number; }) => Promise<void>' is not assignable to parameter of type 'SubmitHandler<TFieldValues>'.
  Types of parameters 'values' and 'data' are incompatible.
    Type 'TFieldValues' is not assignable to type '{ competencyId: string; requiredLevel: "JUNIOR" | "MIDDLE" | "SENIOR" | "EXPERT"; weight: number; }'.
      Type 'FieldValues' is missing the following properties from type '{ competencyId: string; requiredLevel: "JUNIOR" | "MIDDLE" | "SENIOR" | "EXPERT"; weight: number; }': competencyId, requiredLevel, weight
components/admin/MapCompetencyDialog.tsx(103,29): error TS2322: Type 'Control<{ competencyId: string; requiredLevel: "JUNIOR" | "MIDDLE" | "SENIOR" | "EXPERT"; weight: number; }, any, TFieldValues>' is not assignable to type 'Control<{ competencyId: string; requiredLevel: "JUNIOR" | "MIDDLE" | "SENIOR" | "EXPERT"; weight: number; }, any, { competencyId: string; requiredLevel: "JUNIOR" | "MIDDLE" | "SENIOR" | "EXPERT"; weight: number; }>'.
  The types of '_options.resolver' are incompatible between these types.
    Type 'Resolver<{ competencyId: string; requiredLevel: "JUNIOR" | "MIDDLE" | "SENIOR" | "EXPERT"; weight: number; }, any, TFieldValues> | undefined' is not assignable to type 'Resolver<{ competencyId: string; requiredLevel: "JUNIOR" | "MIDDLE" | "SENIOR" | "EXPERT"; weight: number; }, any, { competencyId: string; requiredLevel: "JUNIOR" | "MIDDLE" | "SENIOR" | "EXPERT"; weight: number; }> | undefined'.
      Type 'Resolver<{ competencyId: string; requiredLevel: "JUNIOR" | "MIDDLE" | "SENIOR" | "EXPERT"; weight: number; }, any, TFieldValues>' is not assignable to type 'Resolver<{ competencyId: string; requiredLevel: "JUNIOR" | "MIDDLE" | "SENIOR" | "EXPERT"; weight: number; }, any, { competencyId: string; requiredLevel: "JUNIOR" | "MIDDLE" | "SENIOR" | "EXPERT"; weight: number; }>'.
        Type 'ResolverResult<{ competencyId: string; requiredLevel: "JUNIOR" | "MIDDLE" | "SENIOR" | "EXPERT"; weight: number; }, TFieldValues> | Promise<ResolverResult<{ competencyId: string; requiredLevel: "JUNIOR" | ... 2 more ... | "EXPERT"; weight: number; }, TFieldValues>>' is not assignable to type 'ResolverResult<{ competencyId: string; requiredLevel: "JUNIOR" | "MIDDLE" | "SENIOR" | "EXPERT"; weight: number; }, { competencyId: string; requiredLevel: "JUNIOR" | "MIDDLE" | "SENIOR" | "EXPERT"; weight: number; }> | Promise<...>'.
          Type 'ResolverSuccess<TFieldValues>' is not assignable to type 'ResolverResult<{ competencyId: string; requiredLevel: "JUNIOR" | "MIDDLE" | "SENIOR" | "EXPERT"; weight: number; }, { competencyId: string; requiredLevel: "JUNIOR" | "MIDDLE" | "SENIOR" | "EXPERT"; weight: number; }> | Promise<...>'.
            Type 'ResolverSuccess<TFieldValues>' is not assignable to type 'ResolverSuccess<{ competencyId: string; requiredLevel: "JUNIOR" | "MIDDLE" | "SENIOR" | "EXPERT"; weight: number; }>'.
              Type 'TFieldValues' is not assignable to type '{ competencyId: string; requiredLevel: "JUNIOR" | "MIDDLE" | "SENIOR" | "EXPERT"; weight: number; }'.
                Type 'FieldValues' is missing the following properties from type '{ competencyId: string; requiredLevel: "JUNIOR" | "MIDDLE" | "SENIOR" | "EXPERT"; weight: number; }': competencyId, requiredLevel, weight
components/admin/MapCompetencyDialog.tsx(127,29): error TS2322: Type 'Control<{ competencyId: string; requiredLevel: "JUNIOR" | "MIDDLE" | "SENIOR" | "EXPERT"; weight: number; }, any, TFieldValues>' is not assignable to type 'Control<{ competencyId: string; requiredLevel: "JUNIOR" | "MIDDLE" | "SENIOR" | "EXPERT"; weight: number; }, any, { competencyId: string; requiredLevel: "JUNIOR" | "MIDDLE" | "SENIOR" | "EXPERT"; weight: number; }>'.
  The types of '_options.resolver' are incompatible between these types.
    Type 'Resolver<{ competencyId: string; requiredLevel: "JUNIOR" | "MIDDLE" | "SENIOR" | "EXPERT"; weight: number; }, any, TFieldValues> | undefined' is not assignable to type 'Resolver<{ competencyId: string; requiredLevel: "JUNIOR" | "MIDDLE" | "SENIOR" | "EXPERT"; weight: number; }, any, { competencyId: string; requiredLevel: "JUNIOR" | "MIDDLE" | "SENIOR" | "EXPERT"; weight: number; }> | undefined'.
      Type 'Resolver<{ competencyId: string; requiredLevel: "JUNIOR" | "MIDDLE" | "SENIOR" | "EXPERT"; weight: number; }, any, TFieldValues>' is not assignable to type 'Resolver<{ competencyId: string; requiredLevel: "JUNIOR" | "MIDDLE" | "SENIOR" | "EXPERT"; weight: number; }, any, { competencyId: string; requiredLevel: "JUNIOR" | "MIDDLE" | "SENIOR" | "EXPERT"; weight: number; }>'.
        Type 'ResolverResult<{ competencyId: string; requiredLevel: "JUNIOR" | "MIDDLE" | "SENIOR" | "EXPERT"; weight: number; }, TFieldValues> | Promise<ResolverResult<{ competencyId: string; requiredLevel: "JUNIOR" | ... 2 more ... | "EXPERT"; weight: number; }, TFieldValues>>' is not assignable to type 'ResolverResult<{ competencyId: string; requiredLevel: "JUNIOR" | "MIDDLE" | "SENIOR" | "EXPERT"; weight: number; }, { competencyId: string; requiredLevel: "JUNIOR" | "MIDDLE" | "SENIOR" | "EXPERT"; weight: number; }> | Promise<...>'.
          Type 'ResolverSuccess<TFieldValues>' is not assignable to type 'ResolverResult<{ competencyId: string; requiredLevel: "JUNIOR" | "MIDDLE" | "SENIOR" | "EXPERT"; weight: number; }, { competencyId: string; requiredLevel: "JUNIOR" | "MIDDLE" | "SENIOR" | "EXPERT"; weight: number; }> | Promise<...>'.
            Type 'ResolverSuccess<TFieldValues>' is not assignable to type 'ResolverSuccess<{ competencyId: string; requiredLevel: "JUNIOR" | "MIDDLE" | "SENIOR" | "EXPERT"; weight: number; }>'.
              Type 'TFieldValues' is not assignable to type '{ competencyId: string; requiredLevel: "JUNIOR" | "MIDDLE" | "SENIOR" | "EXPERT"; weight: number; }'.
                Type 'FieldValues' is missing the following properties from type '{ competencyId: string; requiredLevel: "JUNIOR" | "MIDDLE" | "SENIOR" | "EXPERT"; weight: number; }': competencyId, requiredLevel, weight
components/admin/MapCompetencyDialog.tsx(150,29): error TS2322: Type 'Control<{ competencyId: string; requiredLevel: "JUNIOR" | "MIDDLE" | "SENIOR" | "EXPERT"; weight: number; }, any, TFieldValues>' is not assignable to type 'Control<{ competencyId: string; requiredLevel: "JUNIOR" | "MIDDLE" | "SENIOR" | "EXPERT"; weight: number; }, any, { competencyId: string; requiredLevel: "JUNIOR" | "MIDDLE" | "SENIOR" | "EXPERT"; weight: number; }>'.
  The types of '_options.resolver' are incompatible between these types.
    Type 'Resolver<{ competencyId: string; requiredLevel: "JUNIOR" | "MIDDLE" | "SENIOR" | "EXPERT"; weight: number; }, any, TFieldValues> | undefined' is not assignable to type 'Resolver<{ competencyId: string; requiredLevel: "JUNIOR" | "MIDDLE" | "SENIOR" | "EXPERT"; weight: number; }, any, { competencyId: string; requiredLevel: "JUNIOR" | "MIDDLE" | "SENIOR" | "EXPERT"; weight: number; }> | undefined'.
      Type 'Resolver<{ competencyId: string; requiredLevel: "JUNIOR" | "MIDDLE" | "SENIOR" | "EXPERT"; weight: number; }, any, TFieldValues>' is not assignable to type 'Resolver<{ competencyId: string; requiredLevel: "JUNIOR" | "MIDDLE" | "SENIOR" | "EXPERT"; weight: number; }, any, { competencyId: string; requiredLevel: "JUNIOR" | "MIDDLE" | "SENIOR" | "EXPERT"; weight: number; }>'.
        Type 'ResolverResult<{ competencyId: string; requiredLevel: "JUNIOR" | "MIDDLE" | "SENIOR" | "EXPERT"; weight: number; }, TFieldValues> | Promise<ResolverResult<{ competencyId: string; requiredLevel: "JUNIOR" | ... 2 more ... | "EXPERT"; weight: number; }, TFieldValues>>' is not assignable to type 'ResolverResult<{ competencyId: string; requiredLevel: "JUNIOR" | "MIDDLE" | "SENIOR" | "EXPERT"; weight: number; }, { competencyId: string; requiredLevel: "JUNIOR" | "MIDDLE" | "SENIOR" | "EXPERT"; weight: number; }> | Promise<...>'.
          Type 'ResolverSuccess<TFieldValues>' is not assignable to type 'ResolverResult<{ competencyId: string; requiredLevel: "JUNIOR" | "MIDDLE" | "SENIOR" | "EXPERT"; weight: number; }, { competencyId: string; requiredLevel: "JUNIOR" | "MIDDLE" | "SENIOR" | "EXPERT"; weight: number; }> | Promise<...>'.
            Type 'ResolverSuccess<TFieldValues>' is not assignable to type 'ResolverSuccess<{ competencyId: string; requiredLevel: "JUNIOR" | "MIDDLE" | "SENIOR" | "EXPERT"; weight: number; }>'.
              Type 'TFieldValues' is not assignable to type '{ competencyId: string; requiredLevel: "JUNIOR" | "MIDDLE" | "SENIOR" | "EXPERT"; weight: number; }'.
                Type 'FieldValues' is missing the following properties from type '{ competencyId: string; requiredLevel: "JUNIOR" | "MIDDLE" | "SENIOR" | "EXPERT"; weight: number; }': competencyId, requiredLevel, weight
components/assessments/AssessmentRunner.tsx(242,30): error TS2304: Cannot find name 'Link'.
components/assessments/AssessmentRunner.tsx(242,86): error TS2304: Cannot find name 'Link'.
prisma/migrate-to-unified-models.ts(62,21): error TS2322: Type '{ create: { primaryColor: string | null; secondaryColor: string | null; logoUrl: string | null; faviconUrl: string | null; customDomain: string | null; enableOrgUnits: boolean; enableManagers: boolean; enableCustomTemplates: boolean; emailFromName: string | null; emailFromAddress: string | null; smtpConfig: JsonValu...' is not assignable to type 'TenantSettingsUncheckedCreateNestedOneWithoutTenantInput | TenantSettingsCreateNestedOneWithoutTenantInput | undefined'.
  Types of property 'create' are incompatible.
    Type '{ primaryColor: string | null; secondaryColor: string | null; logoUrl: string | null; faviconUrl: string | null; customDomain: string | null; enableOrgUnits: boolean; enableManagers: boolean; enableCustomTemplates: boolean; emailFromName: string | null; emailFromAddress: string | null; smtpConfig: JsonValue; }' is not assignable to type '(Without<TenantSettingsCreateWithoutTenantInput, TenantSettingsUncheckedCreateWithoutTenantInput> & TenantSettingsUncheckedCreateWithoutTenantInput) | (Without<...> & TenantSettingsCreateWithoutTenantInput) | undefined'.
      Types of property 'smtpConfig' are incompatible.
        Type 'JsonValue' is not assignable to type 'InputJsonValue | NullableJsonNullValueInput | undefined'.
          Type 'null' is not assignable to type 'InputJsonValue | NullableJsonNullValueInput | undefined'.
prisma/migrate-to-unified-models.ts(104,17): error TS2367: This comparison appears to be unintentional because the types 'AccountType' and '"CORPORATE"' have no overlap.
prisma/migrate-to-unified-models.ts(106,24): error TS2367: This comparison appears to be unintentional because the types 'AccountType' and '"INSTITUTION"' have no overlap.
prisma/migrate-to-unified-models.ts(114,22): error TS2339: Property 'userRole' does not exist on type '{ id: string; name: string; createdAt: Date; updatedAt: Date; email: string; password: string; role: UserRole; clientId: string | null; employeeId: string | null; department: string | null; ... 5 more ...; assignedRoleId: string | null; }'.
prisma/migrate-to-unified-models.ts(114,57): error TS2339: Property 'userRole' does not exist on type '{ id: string; name: string; createdAt: Date; updatedAt: Date; email: string; password: string; role: UserRole; clientId: string | null; employeeId: string | null; department: string | null; ... 5 more ...; assignedRoleId: string | null; }'.
prisma/migrate-to-unified-models.ts(116,29): error TS2339: Property 'userRole' does not exist on type '{ id: string; name: string; createdAt: Date; updatedAt: Date; email: string; password: string; role: UserRole; clientId: string | null; employeeId: string | null; department: string | null; ... 5 more ...; assignedRoleId: string | null; }'.
prisma/migrate-to-unified-models.ts(118,29): error TS2339: Property 'userRole' does not exist on type '{ id: string; name: string; createdAt: Date; updatedAt: Date; email: string; password: string; role: UserRole; clientId: string | null; employeeId: string | null; department: string | null; ... 5 more ...; assignedRoleId: string | null; }'.
prisma/migrate-to-unified-models.ts(118,60): error TS2339: Property 'userRole' does not exist on type '{ id: string; name: string; createdAt: Date; updatedAt: Date; email: string; password: string; role: UserRole; clientId: string | null; employeeId: string | null; department: string | null; ... 5 more ...; assignedRoleId: string | null; }'.
prisma/migrate-to-unified-models.ts(137,33): error TS2339: Property 'phone' does not exist on type '{ id: string; name: string; createdAt: Date; updatedAt: Date; email: string; password: string; role: UserRole; clientId: string | null; employeeId: string | null; department: string | null; ... 5 more ...; assignedRoleId: string | null; }'.
prisma/migrate-to-unified-models.ts(138,34): error TS2339: Property 'avatar' does not exist on type '{ id: string; name: string; createdAt: Date; updatedAt: Date; email: string; password: string; role: UserRole; clientId: string | null; employeeId: string | null; department: string | null; ... 5 more ...; assignedRoleId: string | null; }'.
prisma/prisma.config.ts(3,29): error TS2345: Argument of type '{ datasource: { url: string; }; }' is not assignable to parameter of type 'PrismaConfig'.
  Type '{ datasource: { url: string; }; }' is not assignable to type 'PrismaConfigUnconditional & SchemaEngineConfigClassic'.
    Property 'engine' is missing in type '{ datasource: { url: string; }; }' but required in type 'SchemaEngineConfigClassic'.
prisma/seed-assessments.ts(84,21): error TS2353: Object literal may only specify known properties, and 'assessmentType' does not exist in type 'Without<UserAssessmentModelCreateInput, UserAssessmentModelUncheckedCreateInput> & UserAssessmentModelUncheckedCreateInput'.
src/components/admin/course-form/CourseWizard.tsx(137,10): error TS2322: Type '"batches"' is not assignable to type '"name" | "slug" | "category" | "deliveryMode" | "industry" | "targetLevel" | "courseType" | "description" | "shortDescription" | "prerequisites" | "price" | "status" | "audienceLevel" | ... 18 more ... | "image"'.
src/components/admin/courses/CoursePreview.tsx(14,49): error TS2304: Cannot find name 'useState'.
src/components/admin/courses/CoursePreview.tsx(15,43): error TS2304: Cannot find name 'useState'.
src/components/admin/courses/CoursePreview.tsx(16,37): error TS2304: Cannot find name 'useState'.
